Seq	Host	Starttime	JobRuntime	Send	Receive	Exitval	Signal	Command
5	:	1751244871.053	     5.623	0	0	0	0	compile_task 5
8	:	1751244871.064	     5.842	0	0	0	0	compile_task 8
13	:	1751244871.084	     6.211	0	0	0	0	compile_task 13
21	:	1751244871.116	     6.189	0	0	0	0	compile_task 21
31	:	1751244871.156	     6.563	0	0	0	0	compile_task 31
46	:	1751244871.209	     6.514	0	0	0	0	compile_task 46
12	:	1751244871.079	     6.645	0	0	0	0	compile_task 12
25	:	1751244871.134	     6.595	0	0	0	0	compile_task 25
17	:	1751244871.101	     6.667	0	0	0	0	compile_task 17
15	:	1751244871.093	     6.680	0	0	0	0	compile_task 15
6	:	1751244871.057	     6.719	0	0	0	0	compile_task 6
73	:	1751244871.288	     6.488	0	0	0	0	compile_task 73
38	:	1751244871.187	     6.605	0	0	0	0	compile_task 38
72	:	1751244871.284	     6.537	0	0	0	0	compile_task 72
36	:	1751244871.180	     6.648	0	0	0	0	compile_task 36
32	:	1751244871.161	     6.729	0	0	0	0	compile_task 32
76	:	1751244871.296	     6.634	0	0	0	0	compile_task 76
11	:	1751244871.075	     6.901	0	0	0	0	compile_task 11
27	:	1751244871.142	     6.842	0	0	0	0	compile_task 27
69	:	1751244871.276	     6.760	0	0	0	0	compile_task 69
19	:	1751244871.108	     7.013	0	0	0	0	compile_task 19
60	:	1751244871.249	     6.881	0	0	0	0	compile_task 60
66	:	1751244871.267	     6.911	0	0	0	0	compile_task 66
58	:	1751244871.242	     6.998	0	0	0	0	compile_task 58
9	:	1751244871.068	     7.177	0	0	0	0	compile_task 9
81	:	1751244871.312	     7.000	0	0	0	0	compile_task 81
48	:	1751244871.213	     7.149	0	0	0	0	compile_task 48
89	:	1751244871.387	     7.075	0	0	0	0	compile_task 89
23	:	1751244871.126	     7.361	0	0	0	0	compile_task 23
61	:	1751244871.253	     7.266	0	0	0	0	compile_task 61
99	:	1751244871.555	     7.047	0	0	0	0	compile_task 99
100	:	1751244871.567	     7.082	0	0	0	0	compile_task 100
24	:	1751244871.130	     7.648	0	0	0	0	compile_task 24
96	:	1751244871.507	     7.276	0	0	0	0	compile_task 96
49	:	1751244871.216	     7.819	0	0	0	0	compile_task 49
